#
# A fatal error has been detected by the Java Runtime Environment:
#
#  EXCEPTION_ACCESS_VIOLATION (0xc0000005) at pc=0x00007fff92dc4f03, pid=32004, tid=26368
#
# JRE version:  (11.0.12+7) (build )
# Java VM: OpenJDK 64-Bit Server VM (11.0.12+7, mixed mode, sharing, tiered, compressed oops, g1 gc, windows-amd64)
# Problematic frame:
# V  [jvm.dll+0x1d4f03]
#
# No core dump will be written. Minidumps are not enabled by default on client versions of Windows
#
#

---------------  S U M M A R Y ------------

Command Line: 

Host: AMD Ryzen 7 PRO 4750U with Radeon Graphics, 16 cores, 15G,  Windows 10 , 64 bit Build 19041 (10.0.19041.1466)
Time: Thu Feb  3 15:18:25 2022 W. Europe Standard Time elapsed time: 0.019450 seconds (0d 0h 0m 0s)

---------------  T H R E A D  ---------------

Current thread (0x000001189ef1d800):  JavaThread "Unknown thread" [_thread_in_vm, id=26368, stack(0x00000014a6600000,0x00000014a6700000)]

Stack: [0x00000014a6600000,0x00000014a6700000],  sp=0x00000014a66fee40,  free space=1019k
Native frames: (J=compiled Java code, j=interpreted, Vv=VM code, C=native code)
V  [jvm.dll+0x1d4f03]
V  [jvm.dll+0x1d3043]
V  [jvm.dll+0x35a33b]
V  [jvm.dll+0x750710]
V  [jvm.dll+0x3c1f8f]
V  [jvm.dll+0x3c4461]
C  [jli.dll+0x5207]
C  [ucrtbase.dll+0x21bb2]
C  [KERNEL32.DLL+0x17034]
C  [ntdll.dll+0x52651]


siginfo: EXCEPTION_ACCESS_VIOLATION (0xc0000005), reading address 0x0000000000000000


Registers:
RAX=0x000006d24465d6e4, RBX=0x0000000000000000, RCX=0x0000000000000000, RDX=0x0000000000000000
RSP=0x00000014a66fee40, RBP=0x0000000000000000, RSI=0x000001189ef1d800, RDI=0x0000000000000000
R8 =0x0000000000000000, R9 =0x0000000000000000, R10=0x0000000000000000, R11=0x00000014a66febf0
R12=0x0000000000000000, R13=0x00007fff931a3b10, R14=0x000001189cd5d5d8, R15=0x00000014a66ffb88
RIP=0x00007fff92dc4f03, EFLAGS=0x0000000000010256

Top of Stack: (sp=0x00000014a66fee40)
0x00000014a66fee40:   000001189cd6cbd0 00007fff92eb9a28
0x00000014a66fee50:   00000014a66ffb88 0000000000000400
0x00000014a66fee60:   0000000000000000 000001189ef1d800
0x00000014a66fee70:   0000c3ecf11d9dc2 00007fff931a3b10
0x00000014a66fee80:   00000014a66fef60 00000014a66ffb88
0x00000014a66fee90:   000001189cd5d5d8 00007fff931a3b10
0x00000014a66feea0:   0000000000000000 00007ff814780000
0x00000014a66feeb0:   00007fff9346bdf8 0000000000000000
0x00000014a66feec0:   00007fff92dc2eea 00007ff8257053dc
0x00000014a66feed0:   00000014a66fef60 0000000000000001
0x00000014a66feee0:   000006d24465d6e4 000001189cd5d5d8
0x00000014a66feef0:   00007fff00000000 00007fff931a3b10
0x00000014a66fef00:   000001189ef1d800 00000014a66ff020
0x00000014a66fef10:   0000000000000000 00007fff92dc3043
0x00000014a66fef20:   00007ff814c30000 00007ff81478cfc0
0x00000014a66fef30:   00000014a66ff020 000001189ef1d800 

Instructions: (pc=0x00007fff92dc4f03)
0x00007fff92dc4e03:   f0 ff 15 96 fa 5e 00 48 8b cb 41 b1 01 48 2b 8c
0x00007fff92dc4e13:   24 90 00 00 00 45 33 c0 33 d2 c6 04 31 00 48 8b
0x00007fff92dc4e23:   ce e8 a7 0b 00 00 42 80 3c 33 3b 4a 8d 3c 33 75
0x00007fff92dc4e33:   1c 0f 1f 40 00 0f 1f 84 00 00 00 00 00 48 ff c3
0x00007fff92dc4e43:   ff c5 42 80 3c 33 3b 4a 8d 3c 33 74 f0 49 83 3c
0x00007fff92dc4e53:   24 00 74 18 48 8b 94 24 98 00 00 00 49 8b cf e8
0x00007fff92dc4e63:   89 db ee ff 49 8b cc e8 f1 da ee ff 48 8b 44 24
0x00007fff92dc4e73:   20 48 8d 4c 24 30 49 89 47 18 48 8b 44 24 28 49
0x00007fff92dc4e83:   89 47 20 4d 89 67 10 e8 91 55 0f 00 44 8b ed 48
0x00007fff92dc4e93:   89 9c 24 90 00 00 00 48 3b 5c 24 38 0f 8c cd fe
0x00007fff92dc4ea3:   ff ff 4c 8b 7c 24 40 4c 8b 64 24 48 48 8b 7c 24
0x00007fff92dc4eb3:   50 48 8b 74 24 58 48 8b 9c 24 80 00 00 00 48 83
0x00007fff92dc4ec3:   c4 60 41 5e 41 5d 5d c3 cc cc cc cc cc 40 53 55
0x00007fff92dc4ed3:   56 41 55 48 81 ec b8 00 00 00 48 8b 05 24 40 88
0x00007fff92dc4ee3:   00 48 33 c4 48 89 84 24 a0 00 00 00 48 8b e9 48
0x00007fff92dc4ef3:   c7 c3 ff ff ff ff 0f 1f 80 00 00 00 00 48 ff c3
0x00007fff92dc4f03:   80 3c 0b 00 75 f7 33 f6 c6 44 24 30 01 40 38 35
0x00007fff92dc4f13:   f4 6e 8b 00 74 17 40 38 35 d1 d4 8a 00 75 0e 33
0x00007fff92dc4f23:   d2 48 8d 0d f5 6c 6a 00 e8 b0 ff 19 00 45 33 ed
0x00007fff92dc4f33:   85 db 0f 8e 11 02 00 00 48 89 bc 24 e8 00 00 00
0x00007fff92dc4f43:   48 8b fd 4c 89 a4 24 f0 00 00 00 48 63 c3 33 db
0x00007fff92dc4f53:   4c 89 b4 24 f8 00 00 00 4c 89 bc 24 b0 00 00 00
0x00007fff92dc4f63:   48 89 44 24 68 48 89 74 24 40 0f 1f 00 0f b6 07
0x00007fff92dc4f73:   84 c0 74 12 3c 3b 74 0e 0f b6 44 2b 01 48 ff c3
0x00007fff92dc4f83:   ff c6 84 c0 75 ee 48 8d 54 24 38 48 c7 44 24 38
0x00007fff92dc4f93:   00 00 00 00 48 8d 4c 24 60 e8 ff 53 0f 00 48 8b
0x00007fff92dc4fa3:   44 24 38 33 d2 4c 8b b0 78 02 00 00 49 8b 46 18
0x00007fff92dc4fb3:   4d 8b 66 10 48 89 44 24 50 49 8b 46 20 48 89 44
0x00007fff92dc4fc3:   24 58 49 8b 46 28 48 89 44 24 48 8b c6 41 2b c5
0x00007fff92dc4fd3:   48 63 f8 48 8d 4f 01 e8 d1 18 49 00 49 63 d5 4c
0x00007fff92dc4fe3:   8b c7 48 03 d5 48 8b c8 4c 8b f8 ff 15 ac f8 5e
0x00007fff92dc4ff3:   00 48 8b cb 48 2b 4c 24 40 80 7c 24 30 00 42 c6 



---------------  P R O C E S S  ---------------

Threads class SMR info:
_java_thread_list=0x000001189cd663d0, length=0, elements={
}

Java Threads: ( => current thread )

Other Threads:

=>0x000001189ef1d800 (exited) JavaThread "Unknown thread" [_thread_in_vm, id=26368, stack(0x00000014a6600000,0x00000014a6700000)]

Threads with active compile tasks:

VM state:not at safepoint (not fully initialized)

VM Mutex/Monitor currently owned by a thread: None


[error occurred during error reporting (printing compressed oops mode), id 0xc0000005, EXCEPTION_ACCESS_VIOLATION (0xc0000005) at pc=0x00007fff9335e3f7]

Deoptimization events (0 events):
No events

Classes redefined (0 events):
No events

Internal exceptions (0 events):
No events

Events (1 events):
Event: 0.009 Loaded shared library C:\Program Files\Microsoft\jdk-11.0.12.7-hotspot\bin\zip.dll


Dynamic libraries:
0x00007ff67a7b0000 - 0x00007ff67a7bd000 	C:\Program Files\Microsoft\jdk-11.0.12.7-hotspot\bin\java.exe
0x00007ff827d50000 - 0x00007ff827f45000 	C:\Windows\SYSTEM32\ntdll.dll
0x00007ff826220000 - 0x00007ff8262de000 	C:\Windows\System32\KERNEL32.DLL
0x00007ff825700000 - 0x00007ff8259c8000 	C:\Windows\System32\KERNELBASE.dll
0x00007ff8255d0000 - 0x00007ff8256d0000 	C:\Windows\System32\ucrtbase.dll
0x00007ff816dc0000 - 0x00007ff816dd7000 	C:\Program Files\Microsoft\jdk-11.0.12.7-hotspot\bin\jli.dll
0x00007ff816af0000 - 0x00007ff816b05000 	C:\Program Files\Microsoft\jdk-11.0.12.7-hotspot\bin\VCRUNTIME140.dll
0x00007ff825fb0000 - 0x00007ff826151000 	C:\Windows\System32\USER32.dll
0x00007ff8255a0000 - 0x00007ff8255c2000 	C:\Windows\System32\win32u.dll
0x00007ff801390000 - 0x00007ff80162a000 	C:\Windows\WinSxS\amd64_microsoft.windows.common-controls_6595b64144ccf1df_6.0.19041.1110_none_60b5254171f9507e\COMCTL32.dll
0x00007ff8261f0000 - 0x00007ff82621b000 	C:\Windows\System32\GDI32.dll
0x00007ff825c80000 - 0x00007ff825d8d000 	C:\Windows\System32\gdi32full.dll
0x00007ff826e40000 - 0x00007ff826ede000 	C:\Windows\System32\msvcrt.dll
0x00007ff825b80000 - 0x00007ff825c1d000 	C:\Windows\System32\msvcp_win.dll
0x00007ff826a40000 - 0x00007ff826a70000 	C:\Windows\System32\IMM32.DLL
0x00007ff80d7f0000 - 0x00007ff80d88b000 	C:\Program Files\Microsoft\jdk-11.0.12.7-hotspot\bin\msvcp140.dll
0x00007fff92bf0000 - 0x00007fff93751000 	C:\Program Files\Microsoft\jdk-11.0.12.7-hotspot\bin\server\jvm.dll
0x00007ff825e00000 - 0x00007ff825eae000 	C:\Windows\System32\ADVAPI32.dll
0x00007ff827790000 - 0x00007ff82782c000 	C:\Windows\System32\sechost.dll
0x00007ff827be0000 - 0x00007ff827d05000 	C:\Windows\System32\RPCRT4.dll
0x00007ff825d90000 - 0x00007ff825d98000 	C:\Windows\System32\PSAPI.DLL
0x00007fffe73d0000 - 0x00007fffe73d9000 	C:\Windows\SYSTEM32\WSOCK32.dll
0x00007ff806030000 - 0x00007ff806057000 	C:\Windows\SYSTEM32\WINMM.dll
0x00007ff81bfb0000 - 0x00007ff81bfba000 	C:\Windows\SYSTEM32\VERSION.dll
0x00007ff826ca0000 - 0x00007ff826d0b000 	C:\Windows\System32\WS2_32.dll
0x00007ff823ca0000 - 0x00007ff823cb2000 	C:\Windows\SYSTEM32\kernel.appcore.dll
0x00007ff817190000 - 0x00007ff8171a0000 	C:\Program Files\Microsoft\jdk-11.0.12.7-hotspot\bin\verify.dll
0x00007ff8232c0000 - 0x00007ff8234a4000 	C:\Windows\SYSTEM32\DBGHELP.DLL
0x00007ff81b3c0000 - 0x00007ff81b3ec000 	C:\Windows\SYSTEM32\dbgcore.DLL
0x00007ff825510000 - 0x00007ff825592000 	C:\Windows\System32\bcryptPrimitives.dll
0x00007ff814780000 - 0x00007ff8147a8000 	C:\Program Files\Microsoft\jdk-11.0.12.7-hotspot\bin\java.dll
0x00007ff816db0000 - 0x00007ff816dba000 	C:\Program Files\Microsoft\jdk-11.0.12.7-hotspot\bin\jimage.dll
0x00007ff814c30000 - 0x00007ff814c47000 	C:\Program Files\Microsoft\jdk-11.0.12.7-hotspot\bin\zip.dll

dbghelp: loaded successfully - version: 4.0.5 - missing functions: none
symbol engine: initialized successfully - sym options: 0x614 - pdb path: .;C:\Program Files\Microsoft\jdk-11.0.12.7-hotspot\bin;C:\Windows\SYSTEM32;C:\Windows\WinSxS\amd64_microsoft.windows.common-controls_6595b64144ccf1df_6.0.19041.1110_none_60b5254171f9507e;C:\Program Files\Microsoft\jdk-11.0.12.7-hotspot\bin\server

VM Arguments:
java_command: <unknown>
java_class_path (initial): <not set>
Launcher Type: SUN_STANDARD

[Global flags]
     uint G1ConcRefinementThreads                  = 13                                        {product} {ergonomic}
    uintx GCDrainStackTargetSize                   = 64                                        {product} {ergonomic}
   size_t InitialHeapSize                          = 255454016                                 {product} {ergonomic}
   size_t MaxHeapSize                              = 4087264256                                {product} {ergonomic}
    uintx ReservedCodeCacheSize                    = 251658240                              {pd product} {ergonomic}
     bool SegmentedCodeCache                       = true                                      {product} {ergonomic}
     bool UseCompressedClassPointers               = true                                 {lp64_product} {ergonomic}
     bool UseCompressedOops                        = true                                 {lp64_product} {ergonomic}
     bool UseG1GC                                  = true                                      {product} {ergonomic}
     bool UseLargePagesIndividualAllocation        = false                                  {pd product} {ergonomic}

Logging:
Log output configuration:
 #0: stdout all=warning uptime,level,tags
 #1: stderr all=off uptime,level,tags

Environment Variables:
PATH=C:\Program Files\Microsoft\jdk-11.0.12.7-hotspot\bin;C:\Program Files (x86)\Common Files\Oracle\Java\javapath;C:\Windows\system32;C:\Windows;C:\Windows\System32\Wbem;C:\Windows\System32\WindowsPowerShell\v1.0\;C:\Windows\System32\OpenSSH\;C:\Program Files\Microsoft VS Code\bin;C:\Program Files\Microsoft SQL Server\Client SDK\ODBC\170\Tools\Binn\;C:\Program Files (x86)\Microsoft SQL Server\150\Tools\Binn\;C:\Program Files\Microsoft SQL Server\150\Tools\Binn\;C:\Program Files\Microsoft SQL Server\150\DTS\Binn\;C:\Program Files (x86)\Microsoft SQL Server\150\DTS\Binn\;C:\Program Files\Azure Data Studio\bin;C:\Program Files\protoc-3.17.3-win64\bin;C:\Program Files (x86)\Windows Kits\10\Windows Performance Toolkit\;C:\Program Files\Docker\Docker\resources\bin;C:\ProgramData\DockerDesktop\version-bin;C:\Program Files\dotnet\;C:\Program Files (x86)\IncrediBuild;C:\Program Files\nodejs\;C:\Users\cosmin.DUALOG\AppData\Local\Programs\Python\Python310\Scripts\;C:\Users\cosmin.DUALOG\AppData\Local\Programs\Python\Python310\;C:\Users\cosmin.DUALOG\AppData\Local\Microsoft\WindowsApps;C:\Users\cosmin.DUALOG\AppData\Local\Programs\Git\cmd;C:\Users\cosmin.DUALOG\.dotnet\tools;C:\Users\cosmin.DUALOG\AppData\Roaming\npm
USERNAME=cosmin
OS=Windows_NT
PROCESSOR_IDENTIFIER=AMD64 Family 23 Model 96 Stepping 1, AuthenticAMD



---------------  S Y S T E M  ---------------

OS: Windows 10 , 64 bit Build 19041 (10.0.19041.1466)
OS uptime: 1 days 1:20 hours

CPU:total 16 (initial active 16) 

Memory: 4k page, system-wide physical 15591M (1063M free)
TotalPageFile size 25319M (AvailPageFile size 4384M)
current process WorkingSet (physical memory assigned to process): 8M, peak: 8M
current process commit charge ("private bytes"): 3M, peak: 3M

vm_info: OpenJDK 64-Bit Server VM (11.0.12+7) for windows-amd64 JRE (11.0.12+7), built on Jul 21 2021 15:41:43 by "" with unknown MS VC++:1916

END.
